c:\users\gieva\documents\projects\lwo\lwoauth\debug\vc141.pdb
c:\users\gieva\documents\projects\lwo\lwoauth\debug\vc141.idb
c:\users\gieva\documents\projects\lwo\lwoauth\debug\rand.obj
c:\users\gieva\documents\projects\lwo\lwoauth\debug\readyevent.obj
c:\users\gieva\documents\projects\lwo\lwoauth\debug\reliabilitylayer.obj
c:\users\gieva\documents\projects\lwo\lwoauth\debug\replicamanager.obj
c:\users\gieva\documents\projects\lwo\lwoauth\debug\replicamanager2.obj
c:\users\gieva\documents\projects\lwo\lwoauth\debug\rijndael.obj
c:\users\gieva\documents\projects\lwo\lwoauth\debug\router.obj
c:\users\gieva\documents\projects\lwo\lwoauth\debug\rpcmap.obj
c:\users\gieva\documents\projects\lwo\lwoauth\debug\sha1.obj
c:\users\gieva\documents\projects\lwo\lwoauth\debug\simplemutex.obj
c:\users\gieva\documents\projects\lwo\lwoauth\debug\socketlayer.obj
c:\users\gieva\documents\projects\lwo\lwoauth\debug\stringcompressor.obj
c:\users\gieva\documents\projects\lwo\lwoauth\debug\stringtable.obj
c:\users\gieva\documents\projects\lwo\lwoauth\debug\superfasthash.obj
c:\users\gieva\documents\projects\lwo\lwoauth\debug\systemaddresslist.obj
c:\users\gieva\documents\projects\lwo\lwoauth\debug\tableserializer.obj
c:\users\gieva\documents\projects\lwo\lwoauth\debug\tcpinterface.obj
c:\users\gieva\documents\projects\lwo\lwoauth\debug\telnettransport.obj
c:\users\gieva\documents\projects\lwo\lwoauth\debug\threadsafepacketlogger.obj
c:\users\gieva\documents\projects\lwo\lwoauth\debug\_findfirst.obj
c:\users\gieva\documents\projects\lwo\lwoauth\debug\linuxstrings.obj
c:\users\gieva\documents\projects\lwo\lwoauth\debug\logcommandparser.obj
c:\users\gieva\documents\projects\lwo\lwoauth\debug\messagefilter.obj
c:\users\gieva\documents\projects\lwo\lwoauth\debug\natpunchthrough.obj
c:\users\gieva\documents\projects\lwo\lwoauth\debug\networkidmanager.obj
c:\users\gieva\documents\projects\lwo\lwoauth\debug\networkidobject.obj
c:\users\gieva\documents\projects\lwo\lwoauth\debug\packetconsolelogger.obj
c:\users\gieva\documents\projects\lwo\lwoauth\debug\packetfilelogger.obj
c:\users\gieva\documents\projects\lwo\lwoauth\debug\packetlogger.obj
c:\users\gieva\documents\projects\lwo\lwoauth\debug\plugininterface.obj
c:\users\gieva\documents\projects\lwo\lwoauth\debug\rakmemoryoverride.obj
c:\users\gieva\documents\projects\lwo\lwoauth\debug\raknetcommandparser.obj
c:\users\gieva\documents\projects\lwo\lwoauth\debug\raknetstatistics.obj
c:\users\gieva\documents\projects\lwo\lwoauth\debug\raknettransport.obj
c:\users\gieva\documents\projects\lwo\lwoauth\debug\raknettypes.obj
c:\users\gieva\documents\projects\lwo\lwoauth\debug\raknetworkfactory.obj
c:\users\gieva\documents\projects\lwo\lwoauth\debug\rakpeer.obj
c:\users\gieva\documents\projects\lwo\lwoauth\debug\raksleep.obj
c:\users\gieva\documents\projects\lwo\lwoauth\debug\rakstring.obj
c:\users\gieva\documents\projects\lwo\lwoauth\debug\rakthread.obj
c:\users\gieva\documents\projects\lwo\lwoauth\debug\ds_table.obj
c:\users\gieva\documents\projects\lwo\lwoauth\debug\emailsender.obj
c:\users\gieva\documents\projects\lwo\lwoauth\debug\encodeclassname.obj
c:\users\gieva\documents\projects\lwo\lwoauth\debug\epochtimetostring.obj
c:\users\gieva\documents\projects\lwo\lwoauth\debug\extendedoverlappedpool.obj
c:\users\gieva\documents\projects\lwo\lwoauth\debug\filelist.obj
c:\users\gieva\documents\projects\lwo\lwoauth\debug\filelisttransfer.obj
c:\users\gieva\documents\projects\lwo\lwoauth\debug\fileoperations.obj
c:\users\gieva\documents\projects\lwo\lwoauth\debug\formatstring.obj
c:\users\gieva\documents\projects\lwo\lwoauth\debug\fullyconnectedmesh.obj
c:\users\gieva\documents\projects\lwo\lwoauth\debug\functionthread.obj
c:\users\gieva\documents\projects\lwo\lwoauth\debug\gen_rpc8.obj
c:\users\gieva\documents\projects\lwo\lwoauth\debug\gettime.obj
c:\users\gieva\documents\projects\lwo\lwoauth\debug\gridsectorizer.obj
c:\users\gieva\documents\projects\lwo\lwoauth\debug\httpconnection.obj
c:\users\gieva\documents\projects\lwo\lwoauth\debug\inlinefunctor.obj
c:\users\gieva\documents\projects\lwo\lwoauth\debug\itoa.obj
c:\users\gieva\documents\projects\lwo\lwoauth\debug\lightweightdatabaseclient.obj
c:\users\gieva\documents\projects\lwo\lwoauth\debug\lightweightdatabasecommon.obj
c:\users\gieva\documents\projects\lwo\lwoauth\debug\lightweightdatabaseserver.obj
c:\users\gieva\documents\projects\lwo\lwoauth\debug\asynchronousfileio.obj
c:\users\gieva\documents\projects\lwo\lwoauth\debug\autorpc.obj
c:\users\gieva\documents\projects\lwo\lwoauth\debug\bitstream.obj
c:\users\gieva\documents\projects\lwo\lwoauth\debug\bitstream_notemplate.obj
c:\users\gieva\documents\projects\lwo\lwoauth\debug\checksum.obj
c:\users\gieva\documents\projects\lwo\lwoauth\debug\commandparserinterface.obj
c:\users\gieva\documents\projects\lwo\lwoauth\debug\connectiongraph.obj
c:\users\gieva\documents\projects\lwo\lwoauth\debug\consoleserver.obj
c:\users\gieva\documents\projects\lwo\lwoauth\debug\datablockencryptor.obj
c:\users\gieva\documents\projects\lwo\lwoauth\debug\datacompressor.obj
c:\users\gieva\documents\projects\lwo\lwoauth\debug\directorydeltatransfer.obj
c:\users\gieva\documents\projects\lwo\lwoauth\debug\ds_bytepool.obj
c:\users\gieva\documents\projects\lwo\lwoauth\debug\ds_bytequeue.obj
c:\users\gieva\documents\projects\lwo\lwoauth\debug\ds_huffmanencodingtree.obj
c:\users\gieva\documents\projects\lwo\lwoauth\debug\lwoauth.obj
c:\users\gieva\documents\projects\lwo\lwoauth\_build\debug\lwoauth.ilk
c:\users\gieva\documents\projects\lwo\lwoauth\_build\debug\lwoauth.exe
c:\users\gieva\documents\projects\lwo\lwoauth\_build\debug\lwoauth.pdb
c:\users\gieva\documents\projects\lwo\lwoauth\\_build\debug\lwoauth.pdb
c:\users\gieva\documents\projects\lwo\lwoauth\\_build\debug\lwoauth.exe
c:\users\gieva\documents\projects\lwo\lwoauth\\_build\debug\lwoauth.ilk
c:\users\gieva\documents\projects\lwo\lwoauth\debug\lwoauth.tlog\cl.command.1.tlog
c:\users\gieva\documents\projects\lwo\lwoauth\debug\lwoauth.tlog\cl.read.1.tlog
c:\users\gieva\documents\projects\lwo\lwoauth\debug\lwoauth.tlog\cl.write.1.tlog
c:\users\gieva\documents\projects\lwo\lwoauth\debug\lwoauth.tlog\link.command.1.tlog
c:\users\gieva\documents\projects\lwo\lwoauth\debug\lwoauth.tlog\link.read.1.tlog
c:\users\gieva\documents\projects\lwo\lwoauth\debug\lwoauth.tlog\link.write.1.tlog
